<?xml version="1.0" encoding="UTF-8"?>
<testng-results ignored="0" total="12" passed="12" failed="0" skipped="0">
  <reporter-output>
  </reporter-output>
  <suite started-at="2023-06-07T12:44:55 IST" name="Default suite" finished-at="2023-06-07T12:46:10 IST" duration-ms="74462">
    <groups>
      <group name="cucumber">
        <method signature="AbstractTestNGCucumberTests.runScenario(io.cucumber.testng.PickleWrapper,io.cucumber.testng.FeatureWrapper)[pri:0, instance:testrunner.LoginPage_TestRunner@710c2b53]" name="runScenario" class="io.cucumber.testng.AbstractTestNGCucumberTests"/>
      </group> <!-- cucumber -->
    </groups>
    <test started-at="2023-06-07T12:44:55 IST" name="Default test" finished-at="2023-06-07T12:46:10 IST" duration-ms="74462">
      <class name="testrunner.LoginPage_TestRunner">
        <test-method is-config="true" signature="setUpClass(org.testng.ITestContext)[pri:0, instance:testrunner.LoginPage_TestRunner@710c2b53]" started-at="2023-06-07T12:44:55 IST" name="setUpClass" finished-at="2023-06-07T12:44:56 IST" duration-ms="1093" status="PASS">
          <params>
            <param index="0">
              <value>
                <![CDATA[org.testng.TestRunner@36330be8]]>
              </value>
            </param>
          </params>
          <reporter-output>
          </reporter-output>
        </test-method> <!-- setUpClass -->
        <test-method signature="runScenario(io.cucumber.testng.PickleWrapper,io.cucumber.testng.FeatureWrapper)[pri:0, instance:testrunner.LoginPage_TestRunner@710c2b53]" started-at="2023-06-07T12:44:56 IST" name="runScenario" description="Runs Cucumber Scenarios" data-provider="scenarios" finished-at="2023-06-07T12:45:03 IST" duration-ms="6902" status="PASS">
          <params>
            <param index="0">
              <value>
                <![CDATA["Navigation"]]>
              </value>
            </param>
            <param index="1">
              <value>
                <![CDATA["LoginPage"]]>
              </value>
            </param>
          </params>
          <reporter-output>
          </reporter-output>
        </test-method> <!-- runScenario -->
        <test-method signature="runScenario(io.cucumber.testng.PickleWrapper,io.cucumber.testng.FeatureWrapper)[pri:0, instance:testrunner.LoginPage_TestRunner@710c2b53]" started-at="2023-06-07T12:45:03 IST" name="runScenario" description="Runs Cucumber Scenarios" data-provider="scenarios" finished-at="2023-06-07T12:45:07 IST" duration-ms="4118" status="PASS">
          <params>
            <param index="0">
              <value>
                <![CDATA["UI"]]>
              </value>
            </param>
            <param index="1">
              <value>
                <![CDATA["LoginPage"]]>
              </value>
            </param>
          </params>
          <reporter-output>
          </reporter-output>
        </test-method> <!-- runScenario -->
        <test-method signature="runScenario(io.cucumber.testng.PickleWrapper,io.cucumber.testng.FeatureWrapper)[pri:0, instance:testrunner.LoginPage_TestRunner@710c2b53]" started-at="2023-06-07T12:45:07 IST" name="runScenario" description="Runs Cucumber Scenarios" data-provider="scenarios" finished-at="2023-06-07T12:45:20 IST" duration-ms="12490" status="PASS">
          <params>
            <param index="0">
              <value>
                <![CDATA["Field Validation (Username and Password fields are enabled)"]]>
              </value>
            </param>
            <param index="1">
              <value>
                <![CDATA["LoginPage"]]>
              </value>
            </param>
          </params>
          <reporter-output>
          </reporter-output>
        </test-method> <!-- runScenario -->
        <test-method signature="runScenario(io.cucumber.testng.PickleWrapper,io.cucumber.testng.FeatureWrapper)[pri:0, instance:testrunner.LoginPage_TestRunner@710c2b53]" started-at="2023-06-07T12:45:20 IST" name="runScenario" description="Runs Cucumber Scenarios" data-provider="scenarios" finished-at="2023-06-07T12:45:24 IST" duration-ms="4329" status="PASS">
          <params>
            <param index="0">
              <value>
                <![CDATA["Main functionality"]]>
              </value>
            </param>
            <param index="1">
              <value>
                <![CDATA["LoginPage"]]>
              </value>
            </param>
          </params>
          <reporter-output>
          </reporter-output>
        </test-method> <!-- runScenario -->
        <test-method signature="runScenario(io.cucumber.testng.PickleWrapper,io.cucumber.testng.FeatureWrapper)[pri:0, instance:testrunner.LoginPage_TestRunner@710c2b53]" started-at="2023-06-07T12:45:24 IST" name="runScenario" description="Runs Cucumber Scenarios" data-provider="scenarios" finished-at="2023-06-07T12:45:29 IST" duration-ms="4745" status="PASS">
          <params>
            <param index="0">
              <value>
                <![CDATA["Verify Login with Valid data"]]>
              </value>
            </param>
            <param index="1">
              <value>
                <![CDATA["LoginPage DataDriven"]]>
              </value>
            </param>
          </params>
          <reporter-output>
          </reporter-output>
        </test-method> <!-- runScenario -->
        <test-method signature="runScenario(io.cucumber.testng.PickleWrapper,io.cucumber.testng.FeatureWrapper)[pri:0, instance:testrunner.LoginPage_TestRunner@710c2b53]" started-at="2023-06-07T12:45:29 IST" name="runScenario" description="Runs Cucumber Scenarios" data-provider="scenarios" finished-at="2023-06-07T12:45:33 IST" duration-ms="4041" status="PASS">
          <params>
            <param index="0">
              <value>
                <![CDATA["Verify Login with Valid data"]]>
              </value>
            </param>
            <param index="1">
              <value>
                <![CDATA["LoginPage DataDriven"]]>
              </value>
            </param>
          </params>
          <reporter-output>
          </reporter-output>
        </test-method> <!-- runScenario -->
        <test-method signature="runScenario(io.cucumber.testng.PickleWrapper,io.cucumber.testng.FeatureWrapper)[pri:0, instance:testrunner.LoginPage_TestRunner@710c2b53]" started-at="2023-06-07T12:45:33 IST" name="runScenario" description="Runs Cucumber Scenarios" data-provider="scenarios" finished-at="2023-06-07T12:45:43 IST" duration-ms="9889" status="PASS">
          <params>
            <param index="0">
              <value>
                <![CDATA["Verify Login with Valid data"]]>
              </value>
            </param>
            <param index="1">
              <value>
                <![CDATA["LoginPage DataDriven"]]>
              </value>
            </param>
          </params>
          <reporter-output>
          </reporter-output>
        </test-method> <!-- runScenario -->
        <test-method signature="runScenario(io.cucumber.testng.PickleWrapper,io.cucumber.testng.FeatureWrapper)[pri:0, instance:testrunner.LoginPage_TestRunner@710c2b53]" started-at="2023-06-07T12:45:43 IST" name="runScenario" description="Runs Cucumber Scenarios" data-provider="scenarios" finished-at="2023-06-07T12:45:47 IST" duration-ms="3939" status="PASS">
          <params>
            <param index="0">
              <value>
                <![CDATA["Verify Login with Invalid data"]]>
              </value>
            </param>
            <param index="1">
              <value>
                <![CDATA["LoginPage DataDriven"]]>
              </value>
            </param>
          </params>
          <reporter-output>
          </reporter-output>
        </test-method> <!-- runScenario -->
        <test-method signature="runScenario(io.cucumber.testng.PickleWrapper,io.cucumber.testng.FeatureWrapper)[pri:0, instance:testrunner.LoginPage_TestRunner@710c2b53]" started-at="2023-06-07T12:45:47 IST" name="runScenario" description="Runs Cucumber Scenarios" data-provider="scenarios" finished-at="2023-06-07T12:45:50 IST" duration-ms="3489" status="PASS">
          <params>
            <param index="0">
              <value>
                <![CDATA["Verify Login with Invalid data"]]>
              </value>
            </param>
            <param index="1">
              <value>
                <![CDATA["LoginPage DataDriven"]]>
              </value>
            </param>
          </params>
          <reporter-output>
          </reporter-output>
        </test-method> <!-- runScenario -->
        <test-method signature="runScenario(io.cucumber.testng.PickleWrapper,io.cucumber.testng.FeatureWrapper)[pri:0, instance:testrunner.LoginPage_TestRunner@710c2b53]" started-at="2023-06-07T12:45:50 IST" name="runScenario" description="Runs Cucumber Scenarios" data-provider="scenarios" finished-at="2023-06-07T12:45:55 IST" duration-ms="5135" status="PASS">
          <params>
            <param index="0">
              <value>
                <![CDATA["Verify Login with valid data"]]>
              </value>
            </param>
            <param index="1">
              <value>
                <![CDATA["Login using Excel data"]]>
              </value>
            </param>
          </params>
          <reporter-output>
          </reporter-output>
        </test-method> <!-- runScenario -->
        <test-method signature="runScenario(io.cucumber.testng.PickleWrapper,io.cucumber.testng.FeatureWrapper)[pri:0, instance:testrunner.LoginPage_TestRunner@710c2b53]" started-at="2023-06-07T12:45:55 IST" name="runScenario" description="Runs Cucumber Scenarios" data-provider="scenarios" finished-at="2023-06-07T12:46:00 IST" duration-ms="4275" status="PASS">
          <params>
            <param index="0">
              <value>
                <![CDATA["Verify Login with valid data"]]>
              </value>
            </param>
            <param index="1">
              <value>
                <![CDATA["Login using Excel data"]]>
              </value>
            </param>
          </params>
          <reporter-output>
          </reporter-output>
        </test-method> <!-- runScenario -->
        <test-method signature="runScenario(io.cucumber.testng.PickleWrapper,io.cucumber.testng.FeatureWrapper)[pri:0, instance:testrunner.LoginPage_TestRunner@710c2b53]" started-at="2023-06-07T12:46:00 IST" name="runScenario" description="Runs Cucumber Scenarios" data-provider="scenarios" finished-at="2023-06-07T12:46:10 IST" duration-ms="9836" status="PASS">
          <params>
            <param index="0">
              <value>
                <![CDATA["Verify Login with valid data"]]>
              </value>
            </param>
            <param index="1">
              <value>
                <![CDATA["Login using Excel data"]]>
              </value>
            </param>
          </params>
          <reporter-output>
          </reporter-output>
        </test-method> <!-- runScenario -->
        <test-method is-config="true" signature="tearDownClass()[pri:0, instance:testrunner.LoginPage_TestRunner@710c2b53]" started-at="2023-06-07T12:46:10 IST" name="tearDownClass" finished-at="2023-06-07T12:46:10 IST" duration-ms="88" status="PASS">
          <reporter-output>
          </reporter-output>
        </test-method> <!-- tearDownClass -->
      </class> <!-- testrunner.LoginPage_TestRunner -->
    </test> <!-- Default test -->
  </suite> <!-- Default suite -->
</testng-results>
